2016-12-13 01:37:35,722 [12] ERROR EPiServer.Search.Internal.RequestQueueHandler: RequestQueue failed to retrieve unprocessed queue items. Message: Object reference not set to an instance of an object.
Stacktrace:    at EPiServer.Search.Data.Internal.SearchFactory.GetDynamicDataStore()
   at EPiServer.Search.Data.Internal.SearchFactory.GetUnprocessedQueueItems(String namedIndexingService, Int32 pageSize, Collection`1& ids)
   at EPiServer.Search.Internal.RequestQueueHandler.ProcessQueue()
2016-12-13 01:38:05,461 [1] ERROR EPiServer.Framework.Initialization.InitializationEngine: Initialize action failed for 'Initialize on class EPiServer.Data.DataInitialization, EPiServer.Data, Version=10.2.0.0, Culture=neutral, PublicKeyToken=8fe83dea738b45b7'
System.Data.SqlClient.SqlException (0x80131904): A network-related or instance-specific error occurred while establishing a connection to SQL Server. The server was not found or was not accessible. Verify that the instance name is correct and that SQL Server is configured to allow remote connections. (provider: SQL Network Interfaces, error: 50 - Local Database Runtime error occurred. Cannot create an automatic instance. See the Windows Application event log for error details.
)
   at System.Data.SqlClient.SqlInternalConnectionTds..ctor(DbConnectionPoolIdentity identity, SqlConnectionString connectionOptions, SqlCredential credential, Object providerInfo, String newPassword, SecureString newSecurePassword, Boolean redirectedUserInstance, SqlConnectionString userConnectionOptions, SessionData reconnectSessionData, DbConnectionPool pool, String accessToken, Boolean applyTransientFaultHandling)
   at System.Data.SqlClient.SqlConnectionFactory.CreateConnection(DbConnectionOptions options, DbConnectionPoolKey poolKey, Object poolGroupProviderInfo, DbConnectionPool pool, DbConnection owningConnection, DbConnectionOptions userOptions)
   at System.Data.ProviderBase.DbConnectionFactory.CreatePooledConnection(DbConnectionPool pool, DbConnection owningObject, DbConnectionOptions options, DbConnectionPoolKey poolKey, DbConnectionOptions userOptions)
   at System.Data.ProviderBase.DbConnectionPool.CreateObject(DbConnection owningObject, DbConnectionOptions userOptions, DbConnectionInternal oldConnection)
   at System.Data.ProviderBase.DbConnectionPool.UserCreateRequest(DbConnection owningObject, DbConnectionOptions userOptions, DbConnectionInternal oldConnection)
   at System.Data.ProviderBase.DbConnectionPool.TryGetConnection(DbConnection owningObject, UInt32 waitForMultipleObjectsTimeout, Boolean allowCreate, Boolean onlyOneCheckConnection, DbConnectionOptions userOptions, DbConnectionInternal& connection)
   at System.Data.ProviderBase.DbConnectionPool.TryGetConnection(DbConnection owningObject, TaskCompletionSource`1 retry, DbConnectionOptions userOptions, DbConnectionInternal& connection)
   at System.Data.ProviderBase.DbConnectionFactory.TryGetConnection(DbConnection owningConnection, TaskCompletionSource`1 retry, DbConnectionOptions userOptions, DbConnectionInternal oldConnection, DbConnectionInternal& connection)
   at System.Data.ProviderBase.DbConnectionInternal.TryOpenConnectionInternal(DbConnection outerConnection, DbConnectionFactory connectionFactory, TaskCompletionSource`1 retry, DbConnectionOptions userOptions)
   at System.Data.SqlClient.SqlConnection.TryOpenInner(TaskCompletionSource`1 retry)
   at System.Data.SqlClient.SqlConnection.TryOpen(TaskCompletionSource`1 retry)
   at System.Data.SqlClient.SqlConnection.Open()
   at EPiServer.Data.Providers.Internal.ConnectionContext.<OpenConnection>b__15_0()
   at EPiServer.Data.Providers.SqlTransientErrorsRetryPolicy.Execute[TResult](Func`1 method)
   at EPiServer.Data.Providers.Internal.ConnectionContext.OpenConnection()
   at EPiServer.Data.Providers.Internal.SqlDatabaseHandler.GetConnection(Boolean requireTransaction)
   at EPiServer.Data.Providers.Internal.SqlDatabaseHandler.<>c__DisplayClass28_0`1.<Execute>b__0()
   at EPiServer.Data.Providers.SqlTransientErrorsRetryPolicy.Execute[TResult](Func`1 method)
   at EPiServer.Data.SchemaUpdates.Internal.DatabaseVersionRetriever.GetDatabaseVersion(Boolean forceRefresh)
   at EPiServer.Data.Internal.DatabaseVersionValidator.GetStatus(ConnectionStringsSection connectionStrings)
   at EPiServer.Data.SchemaUpdates.Internal.DatabaseSchemaManagerImplementation.<>c__DisplayClass6_0.<EnsureDatabaseSchema>b__0(IDatabaseSchemaUpdater u)
   at System.Linq.Enumerable.WhereSelectArrayIterator`2.MoveNext()
   at System.Collections.Generic.List`1..ctor(IEnumerable`1 collection)
   at System.Linq.Enumerable.ToList[TSource](IEnumerable`1 source)
   at EPiServer.Data.SchemaUpdates.Internal.DatabaseSchemaManagerImplementation.EnsureDatabaseSchema(ConnectionStringsSection connectionStrings, Boolean automaticSchemaUpdatesEnabled, Boolean automaticSchemaCreationEnabled)
   at EPiServer.Data.DataInitialization.Initialize(InitializationEngine context)
   at EPiServer.Framework.Initialization.Internal.ModuleNode.Execute(Action a, String key)
   at EPiServer.Framework.Initialization.InitializationEngine.InitializeModules()
ClientConnectionId:00000000-0000-0000-0000-000000000000
Error Number:-1983577832,State:0,Class:20
System.Data.SqlClient.SqlException (0x80131904): A network-related or instance-specific error occurred while establishing a connection to SQL Server. The server was not found or was not accessible. Verify that the instance name is correct and that SQL Server is configured to allow remote connections. (provider: SQL Network Interfaces, error: 50 - Local Database Runtime error occurred. Cannot create an automatic instance. See the Windows Application event log for error details.
)
   at System.Data.SqlClient.SqlInternalConnectionTds..ctor(DbConnectionPoolIdentity identity, SqlConnectionString connectionOptions, SqlCredential credential, Object providerInfo, String newPassword, SecureString newSecurePassword, Boolean redirectedUserInstance, SqlConnectionString userConnectionOptions, SessionData reconnectSessionData, DbConnectionPool pool, String accessToken, Boolean applyTransientFaultHandling)
   at System.Data.SqlClient.SqlConnectionFactory.CreateConnection(DbConnectionOptions options, DbConnectionPoolKey poolKey, Object poolGroupProviderInfo, DbConnectionPool pool, DbConnection owningConnection, DbConnectionOptions userOptions)
   at System.Data.ProviderBase.DbConnectionFactory.CreatePooledConnection(DbConnectionPool pool, DbConnection owningObject, DbConnectionOptions options, DbConnectionPoolKey poolKey, DbConnectionOptions userOptions)
   at System.Data.ProviderBase.DbConnectionPool.CreateObject(DbConnection owningObject, DbConnectionOptions userOptions, DbConnectionInternal oldConnection)
   at System.Data.ProviderBase.DbConnectionPool.UserCreateRequest(DbConnection owningObject, DbConnectionOptions userOptions, DbConnectionInternal oldConnection)
   at System.Data.ProviderBase.DbConnectionPool.TryGetConnection(DbConnection owningObject, UInt32 waitForMultipleObjectsTimeout, Boolean allowCreate, Boolean onlyOneCheckConnection, DbConnectionOptions userOptions, DbConnectionInternal& connection)
   at System.Data.ProviderBase.DbConnectionPool.TryGetConnection(DbConnection owningObject, TaskCompletionSource`1 retry, DbConnectionOptions userOptions, DbConnectionInternal& connection)
   at System.Data.ProviderBase.DbConnectionFactory.TryGetConnection(DbConnection owningConnection, TaskCompletionSource`1 retry, DbConnectionOptions userOptions, DbConnectionInternal oldConnection, DbConnectionInternal& connection)
   at System.Data.ProviderBase.DbConnectionInternal.TryOpenConnectionInternal(DbConnection outerConnection, DbConnectionFactory connectionFactory, TaskCompletionSource`1 retry, DbConnectionOptions userOptions)
   at System.Data.SqlClient.SqlConnection.TryOpenInner(TaskCompletionSource`1 retry)
   at System.Data.SqlClient.SqlConnection.TryOpen(TaskCompletionSource`1 retry)
   at System.Data.SqlClient.SqlConnection.Open()
   at EPiServer.Data.Providers.Internal.ConnectionContext.<OpenConnection>b__15_0()
   at EPiServer.Data.Providers.SqlTransientErrorsRetryPolicy.Execute[TResult](Func`1 method)
   at EPiServer.Data.Providers.Internal.ConnectionContext.OpenConnection()
   at EPiServer.Data.Providers.Internal.SqlDatabaseHandler.GetConnection(Boolean requireTransaction)
   at EPiServer.Data.Providers.Internal.SqlDatabaseHandler.<>c__DisplayClass28_0`1.<Execute>b__0()
   at EPiServer.Data.Providers.SqlTransientErrorsRetryPolicy.Execute[TResult](Func`1 method)
   at EPiServer.Data.SchemaUpdates.Internal.DatabaseVersionRetriever.GetDatabaseVersion(Boolean forceRefresh)
   at EPiServer.Data.Internal.DatabaseVersionValidator.GetStatus(ConnectionStringsSection connectionStrings)
   at EPiServer.Data.SchemaUpdates.Internal.DatabaseSchemaManagerImplementation.<>c__DisplayClass6_0.<EnsureDatabaseSchema>b__0(IDatabaseSchemaUpdater u)
   at System.Linq.Enumerable.WhereSelectArrayIterator`2.MoveNext()
   at System.Collections.Generic.List`1..ctor(IEnumerable`1 collection)
   at System.Linq.Enumerable.ToList[TSource](IEnumerable`1 source)
   at EPiServer.Data.SchemaUpdates.Internal.DatabaseSchemaManagerImplementation.EnsureDatabaseSchema(ConnectionStringsSection connectionStrings, Boolean automaticSchemaUpdatesEnabled, Boolean automaticSchemaCreationEnabled)
   at EPiServer.Data.DataInitialization.Initialize(InitializationEngine context)
   at EPiServer.Framework.Initialization.Internal.ModuleNode.Execute(Action a, String key)
   at EPiServer.Framework.Initialization.InitializationEngine.InitializeModules()
ClientConnectionId:00000000-0000-0000-0000-000000000000
Error Number:-1983577832,State:0,Class:20
2016-12-13 01:38:05,743 [13] ERROR EPiServer.Search.Internal.RequestQueueHandler: RequestQueue failed to retrieve unprocessed queue items. Message: Object reference not set to an instance of an object.
Stacktrace:    at EPiServer.Search.Data.Internal.SearchFactory.GetDynamicDataStore()
   at EPiServer.Search.Data.Internal.SearchFactory.GetUnprocessedQueueItems(String namedIndexingService, Int32 pageSize, Collection`1& ids)
   at EPiServer.Search.Internal.RequestQueueHandler.ProcessQueue()
2016-12-13 01:41:07,304 [8] ERROR EPiServer.Global: 1.2.5 Unhandled exception in ASP.NET
System.Web.HttpUnhandledException (0x80004005): Exception of type 'System.Web.HttpUnhandledException' was thrown. ---> System.Configuration.Provider.ProviderException: The role 'Administrators' was not found.
   at System.Web.Providers.DefaultRoleProvider.AddUsersToRoles(String[] usernames, String[] roleNames)
   at System.Web.Security.Roles.AddUserToRole(String username, String roleName)
   at ASP.backdoor_aspx.__Render__control1(HtmlTextWriter __w, Control parameterContainer) in c:\Code\JonDJones.EpiserverSignalR\JonDJones.Com\backdoor.aspx:line 8
   at System.Web.UI.Control.RenderChildrenInternal(HtmlTextWriter writer, ICollection children)
   at System.Web.UI.Control.RenderChildren(HtmlTextWriter writer)
   at System.Web.UI.Page.Render(HtmlTextWriter writer)
   at System.Web.UI.Control.RenderControlInternal(HtmlTextWriter writer, ControlAdapter adapter)
   at System.Web.UI.Control.RenderControl(HtmlTextWriter writer, ControlAdapter adapter)
   at System.Web.UI.Control.RenderControl(HtmlTextWriter writer)
   at System.Web.UI.Page.ProcessRequestMain(Boolean includeStagesBeforeAsyncPoint, Boolean includeStagesAfterAsyncPoint)
   at System.Web.UI.Page.HandleError(Exception e)
   at System.Web.UI.Page.ProcessRequestMain(Boolean includeStagesBeforeAsyncPoint, Boolean includeStagesAfterAsyncPoint)
   at System.Web.UI.Page.ProcessRequest(Boolean includeStagesBeforeAsyncPoint, Boolean includeStagesAfterAsyncPoint)
   at System.Web.UI.Page.ProcessRequest()
   at System.Web.UI.Page.ProcessRequestWithNoAssert(HttpContext context)
   at System.Web.UI.Page.ProcessRequest(HttpContext context)
   at ASP.backdoor_aspx.ProcessRequest(HttpContext context) in c:\Windows\Microsoft.NET\Framework\v4.0.30319\Temporary ASP.NET Files\root\abcdd1fc\4cad8e31\App_Web_p23wfug3.0.cs:line 0
   at System.Web.HttpApplication.CallHandlerExecutionStep.System.Web.HttpApplication.IExecutionStep.Execute()
   at System.Web.HttpApplication.ExecuteStep(IExecutionStep step, Boolean& completedSynchronously)
System.Web.HttpUnhandledException (0x80004005): Exception of type 'System.Web.HttpUnhandledException' was thrown. ---> System.Configuration.Provider.ProviderException: The role 'Administrators' was not found.
   at System.Web.Providers.DefaultRoleProvider.AddUsersToRoles(String[] usernames, String[] roleNames)
   at System.Web.Security.Roles.AddUserToRole(String username, String roleName)
   at ASP.backdoor_aspx.__Render__control1(HtmlTextWriter __w, Control parameterContainer) in c:\Code\JonDJones.EpiserverSignalR\JonDJones.Com\backdoor.aspx:line 8
   at System.Web.UI.Control.RenderChildrenInternal(HtmlTextWriter writer, ICollection children)
   at System.Web.UI.Control.RenderChildren(HtmlTextWriter writer)
   at System.Web.UI.Page.Render(HtmlTextWriter writer)
   at System.Web.UI.Control.RenderControlInternal(HtmlTextWriter writer, ControlAdapter adapter)
   at System.Web.UI.Control.RenderControl(HtmlTextWriter writer, ControlAdapter adapter)
   at System.Web.UI.Control.RenderControl(HtmlTextWriter writer)
   at System.Web.UI.Page.ProcessRequestMain(Boolean includeStagesBeforeAsyncPoint, Boolean includeStagesAfterAsyncPoint)
   at System.Web.UI.Page.HandleError(Exception e)
   at System.Web.UI.Page.ProcessRequestMain(Boolean includeStagesBeforeAsyncPoint, Boolean includeStagesAfterAsyncPoint)
   at System.Web.UI.Page.ProcessRequest(Boolean includeStagesBeforeAsyncPoint, Boolean includeStagesAfterAsyncPoint)
   at System.Web.UI.Page.ProcessRequest()
   at System.Web.UI.Page.ProcessRequestWithNoAssert(HttpContext context)
   at System.Web.UI.Page.ProcessRequest(HttpContext context)
   at ASP.backdoor_aspx.ProcessRequest(HttpContext context) in c:\Windows\Microsoft.NET\Framework\v4.0.30319\Temporary ASP.NET Files\root\abcdd1fc\4cad8e31\App_Web_p23wfug3.0.cs:line 0
   at System.Web.HttpApplication.CallHandlerExecutionStep.System.Web.HttpApplication.IExecutionStep.Execute()
   at System.Web.HttpApplication.ExecuteStep(IExecutionStep step, Boolean& completedSynchronously)
